<?xml version="1.0" encoding="UTF-8"?>
<testng-results ignored="0" total="1" passed="1" failed="0" skipped="0">
  <reporter-output>
  </reporter-output>
  <suite started-at="2023-10-13T13:12:59 IST" name="Default suite" finished-at="2023-10-13T13:13:00 IST" duration-ms="406">
    <groups>
    </groups>
    <test started-at="2023-10-13T13:12:59 IST" name="Default test" finished-at="2023-10-13T13:13:00 IST" duration-ms="406">
      <class name="serializationDeserialization.Deserialization">
        <test-method signature="deserialization()[pri:0, instance:serializationDeserialization.Deserialization@7b9a4292]" started-at="2023-10-13T13:12:59 IST" name="deserialization" finished-at="2023-10-13T13:13:00 IST" duration-ms="355" status="PASS">
          <reporter-output>
          </reporter-output>
        </test-method> <!-- deserialization -->
      </class> <!-- serializationDeserialization.Deserialization -->
    </test> <!-- Default test -->
  </suite> <!-- Default suite -->
</testng-results>
