<?xml version="1.0" encoding="UTF-8"?>
<testng-results ignored="13" total="14" passed="1" failed="0" skipped="0">
  <reporter-output>
  </reporter-output>
  <suite started-at="2023-10-25T09:25:51 IST" name="Default suite" finished-at="2023-10-25T09:25:51 IST" duration-ms="72">
    <groups>
    </groups>
    <test started-at="2023-10-25T09:25:51 IST" name="Default test" finished-at="2023-10-25T09:25:51 IST" duration-ms="72">
      <class name="pratice.NewPrograms">
        <test-method signature="removeDupAndRev()[pri:0, instance:pratice.NewPrograms@71809907]" started-at="2023-10-25T09:25:51 IST" name="removeDupAndRev" finished-at="2023-10-25T09:25:51 IST" duration-ms="12" status="PASS">
          <reporter-output>
          </reporter-output>
        </test-method> <!-- removeDupAndRev -->
      </class> <!-- pratice.NewPrograms -->
    </test> <!-- Default test -->
  </suite> <!-- Default suite -->
</testng-results>
