<?xml version="1.0" encoding="UTF-8"?>
<!-- Generated by org.testng.reporters.JUnitXMLReporter -->
<testsuite ignored="3" hostname="SanatKumar" failures="0" tests="1" name="Default test" time="2.646" errors="0" timestamp="2023-10-19T17:14:17 IST">
  <testcase classname="restAssuredCrud.Crud" name="getAllData" time="2.606"/>
  <testcase classname="restAssuredCrud.Crud" name="updateData" time="0.0">
    <ignored/>
  </testcase> <!-- updateData -->
  <testcase classname="restAssuredCrud.Crud" name="create" time="0.0">
    <ignored/>
  </testcase> <!-- create -->
  <testcase classname="restAssuredCrud.Crud" name="deleteDate" time="0.0">
    <ignored/>
  </testcase> <!-- deleteDate -->
</testsuite> <!-- Default test -->
