<?xml version="1.0" encoding="UTF-8"?>
<!-- Generated by org.testng.reporters.JUnitXMLReporter -->
<testsuite ignored="13" hostname="SanatKumar" failures="0" tests="1" name="Default test" time="0.072" errors="0" timestamp="2023-10-25T09:25:51 IST">
  <testcase classname="pratice.NewPrograms" name="removeDupAndRev" time="0.012"/>
  <testcase classname="pratice.NewPrograms" name="amdocs" time="0.0">
    <ignored/>
  </testcase> <!-- amdocs -->
  <testcase classname="pratice.NewPrograms" name="sony" time="0.0">
    <ignored/>
  </testcase> <!-- sony -->
  <testcase classname="pratice.NewPrograms" name="countLetter" time="0.0">
    <ignored/>
  </testcase> <!-- countLetter -->
  <testcase classname="pratice.NewPrograms" name="worldClock" time="0.0">
    <ignored/>
  </testcase> <!-- worldClock -->
  <testcase classname="pratice.NewPrograms" name="sony2" time="0.0">
    <ignored/>
  </testcase> <!-- sony2 -->
  <testcase classname="pratice.NewPrograms" name="count" time="0.0">
    <ignored/>
  </testcase> <!-- count -->
  <testcase classname="pratice.NewPrograms" name="printHeightWidth" time="0.0">
    <ignored/>
  </testcase> <!-- printHeightWidth -->
  <testcase classname="pratice.NewPrograms" name="amdocs1" time="0.0">
    <ignored/>
  </testcase> <!-- amdocs1 -->
  <testcase classname="pratice.NewPrograms" name="name" time="0.0">
    <ignored/>
  </testcase> <!-- name -->
  <testcase classname="pratice.NewPrograms" name="countAlphabet" time="0.0">
    <ignored/>
  </testcase> <!-- countAlphabet -->
  <testcase classname="pratice.NewPrograms" name="intPallindrome" time="0.0">
    <ignored/>
  </testcase> <!-- intPallindrome -->
  <testcase classname="pratice.NewPrograms" name="sony2UsingMap" time="0.0">
    <ignored/>
  </testcase> <!-- sony2UsingMap -->
  <testcase classname="pratice.NewPrograms" name="removeDup" time="0.0">
    <ignored/>
  </testcase> <!-- removeDup -->
</testsuite> <!-- Default test -->
