<?xml version="1.0" encoding="UTF-8"?>
<testng-results ignored="0" total="1" passed="1" failed="0" skipped="0">
  <reporter-output>
  </reporter-output>
  <suite started-at="2023-10-02T12:02:30 IST" name="Default suite" finished-at="2023-10-02T12:02:43 IST" duration-ms="12806">
    <groups>
    </groups>
    <test started-at="2023-10-02T12:02:30 IST" name="Default test" finished-at="2023-10-02T12:02:43 IST" duration-ms="12806">
      <class name="com.inetBanking.testCases.TC_logintest_001">
        <test-method is-config="true" signature="setup()[pri:0, instance:com.inetBanking.testCases.TC_logintest_001@7b2bbc3]" started-at="2023-10-02T12:02:30 IST" name="setup" finished-at="2023-10-02T12:02:35 IST" duration-ms="5409" status="PASS">
          <reporter-output>
          </reporter-output>
        </test-method> <!-- setup -->
        <test-method signature="login()[pri:0, instance:com.inetBanking.testCases.TC_logintest_001@7b2bbc3]" started-at="2023-10-02T12:02:36 IST" name="login" finished-at="2023-10-02T12:02:42 IST" duration-ms="6956" status="PASS">
          <reporter-output>
          </reporter-output>
        </test-method> <!-- login -->
        <test-method is-config="true" signature="tearDown()[pri:0, instance:com.inetBanking.testCases.TC_logintest_001@7b2bbc3]" started-at="2023-10-02T12:02:43 IST" name="tearDown" finished-at="2023-10-02T12:02:43 IST" duration-ms="274" status="PASS">
          <reporter-output>
          </reporter-output>
        </test-method> <!-- tearDown -->
      </class> <!-- com.inetBanking.testCases.TC_logintest_001 -->
    </test> <!-- Default test -->
  </suite> <!-- Default suite -->
</testng-results>
