<?xml version="1.0" encoding="UTF-8"?>
<testng-results ignored="0" total="1" passed="1" failed="0" skipped="0">
  <reporter-output>
  </reporter-output>
  <suite started-at="2023-10-26T16:12:15 IST" name="Default suite" finished-at="2023-10-26T16:12:22 IST" duration-ms="6768">
    <groups>
    </groups>
    <test started-at="2023-10-26T16:12:15 IST" name="Default test" finished-at="2023-10-26T16:12:22 IST" duration-ms="6768">
      <class name="self.Test">
        <test-method signature="hello()[pri:0, instance:self.Test@5119fb47]" started-at="2023-10-26T16:12:15 IST" name="hello" finished-at="2023-10-26T16:12:22 IST" duration-ms="6679" status="PASS">
          <reporter-output>
          </reporter-output>
        </test-method> <!-- hello -->
      </class> <!-- self.Test -->
    </test> <!-- Default test -->
  </suite> <!-- Default suite -->
</testng-results>
