<?xml version="1.0" encoding="UTF-8"?>
<testng-results ignored="3" total="4" passed="1" failed="0" skipped="0">
  <reporter-output>
  </reporter-output>
  <suite started-at="2023-10-19T17:14:14 IST" name="Default suite" finished-at="2023-10-19T17:14:17 IST" duration-ms="2646">
    <groups>
    </groups>
    <test started-at="2023-10-19T17:14:14 IST" name="Default test" finished-at="2023-10-19T17:14:17 IST" duration-ms="2646">
      <class name="restAssuredCrud.Crud">
        <test-method signature="getAllData()[pri:0, instance:restAssuredCrud.Crud@245b4bdc]" started-at="2023-10-19T17:14:14 IST" name="getAllData" finished-at="2023-10-19T17:14:17 IST" duration-ms="2606" status="PASS">
          <reporter-output>
          </reporter-output>
        </test-method> <!-- getAllData -->
      </class> <!-- restAssuredCrud.Crud -->
    </test> <!-- Default test -->
  </suite> <!-- Default suite -->
</testng-results>
