<?xml version="1.0" encoding="UTF-8"?>
<testng-results ignored="0" total="1" passed="1" failed="0" skipped="0">
  <reporter-output>
  </reporter-output>
  <suite started-at="2023-10-10T15:24:07 IST" name="Default suite" finished-at="2023-10-10T15:24:31 IST" duration-ms="23977">
    <groups>
    </groups>
    <test started-at="2023-10-10T15:24:07 IST" name="Default test" finished-at="2023-10-10T15:24:31 IST" duration-ms="23977">
      <class name="jupiterScripts.ErrorValidator">
        <test-method is-config="true" signature="beforeSuitem()[pri:0, instance:jupiterScripts.ErrorValidator@694abbdc]" started-at="2023-10-10T15:24:07 IST" name="beforeSuitem" finished-at="2023-10-10T15:24:07 IST" duration-ms="17" status="PASS">
          <reporter-output>
          </reporter-output>
        </test-method> <!-- beforeSuitem -->
        <test-method is-config="true" signature="beforeclass()[pri:0, instance:jupiterScripts.ErrorValidator@694abbdc]" started-at="2023-10-10T15:24:07 IST" name="beforeclass" finished-at="2023-10-10T15:24:21 IST" duration-ms="14463" status="PASS">
          <reporter-output>
          </reporter-output>
        </test-method> <!-- beforeclass -->
        <test-method signature="scenario1()[pri:0, instance:jupiterScripts.ErrorValidator@694abbdc]" started-at="2023-10-10T15:24:21 IST" name="scenario1" finished-at="2023-10-10T15:24:31 IST" duration-ms="9437" status="PASS">
          <reporter-output>
          </reporter-output>
        </test-method> <!-- scenario1 -->
        <test-method is-config="true" signature="afterclass()[pri:0, instance:jupiterScripts.ErrorValidator@694abbdc]" started-at="2023-10-10T15:24:31 IST" name="afterclass" finished-at="2023-10-10T15:24:31 IST" duration-ms="0" status="PASS">
          <reporter-output>
          </reporter-output>
        </test-method> <!-- afterclass -->
        <test-method is-config="true" signature="afterSuite()[pri:0, instance:jupiterScripts.ErrorValidator@694abbdc]" started-at="2023-10-10T15:24:31 IST" name="afterSuite" finished-at="2023-10-10T15:24:31 IST" duration-ms="0" status="PASS">
          <reporter-output>
          </reporter-output>
        </test-method> <!-- afterSuite -->
      </class> <!-- jupiterScripts.ErrorValidator -->
    </test> <!-- Default test -->
  </suite> <!-- Default suite -->
</testng-results>
